<?xml version="1.0" encoding="UTF-8"?>
<testsuite xmlns:xsi="http://www.w3.org/2001/XMLSchema-instance" xsi:noNamespaceSchemaLocation="https://maven.apache.org/surefire/maven-surefire-plugin/xsd/surefire-test-report-3.0.xsd" version="3.0" name="com.programmingpals.project.StudentViewTest" time="0.078" tests="9" errors="0" skipped="0" failures="0">
  <properties>
    <property name="java.specification.version" value="21"/>
    <property name="sun.jnu.encoding" value="UTF-8"/>
    <property name="java.class.path" value="/Users/aidan/Desktop/Eclipse/project/target/test-classes:/Users/aidan/Desktop/Eclipse/project/target/classes:/Users/aidan/.m2/repository/org/openjfx/javafx-controls/17/javafx-controls-17.jar:/Users/aidan/.m2/repository/org/openjfx/javafx-controls/17/javafx-controls-17-mac.jar:/Users/aidan/.m2/repository/org/openjfx/javafx-graphics/17/javafx-graphics-17.jar:/Users/aidan/.m2/repository/org/openjfx/javafx-graphics/17/javafx-graphics-17-mac.jar:/Users/aidan/.m2/repository/org/openjfx/javafx-base/17/javafx-base-17.jar:/Users/aidan/.m2/repository/org/openjfx/javafx-base/17/javafx-base-17-mac.jar:/Users/aidan/.m2/repository/org/openjfx/javafx-fxml/17/javafx-fxml-17.jar:/Users/aidan/.m2/repository/org/openjfx/javafx-fxml/17/javafx-fxml-17-mac.jar:/Users/aidan/.m2/repository/com/google/code/gson/gson/2.8.6/gson-2.8.6.jar:/Users/aidan/.m2/repository/org/junit/jupiter/junit-jupiter-engine/5.7.1/junit-jupiter-engine-5.7.1.jar:/Users/aidan/.m2/repository/org/apiguardian/apiguardian-api/1.1.0/apiguardian-api-1.1.0.jar:/Users/aidan/.m2/repository/org/junit/platform/junit-platform-engine/1.7.1/junit-platform-engine-1.7.1.jar:/Users/aidan/.m2/repository/org/opentest4j/opentest4j/1.2.0/opentest4j-1.2.0.jar:/Users/aidan/.m2/repository/org/junit/platform/junit-platform-commons/1.7.1/junit-platform-commons-1.7.1.jar:/Users/aidan/.m2/repository/org/junit/jupiter/junit-jupiter-api/5.7.1/junit-jupiter-api-5.7.1.jar:/Users/aidan/.m2/repository/org/junit/jupiter/junit-jupiter-params/5.7.1/junit-jupiter-params-5.7.1.jar:"/>
    <property name="java.vm.vendor" value="Homebrew"/>
    <property name="sun.arch.data.model" value="64"/>
    <property name="java.vendor.url" value="https://github.com/Homebrew/homebrew-core/issues"/>
    <property name="os.name" value="Mac OS X"/>
    <property name="java.vm.specification.version" value="21"/>
    <property name="sun.java.launcher" value="SUN_STANDARD"/>
    <property name="user.country" value="US"/>
    <property name="sun.boot.library.path" value="/usr/local/Cellar/openjdk/21/libexec/openjdk.jdk/Contents/Home/lib"/>
    <property name="sun.java.command" value="/Users/aidan/Desktop/Eclipse/project/target/surefire/surefirebooter9508450400038662067.jar /Users/aidan/Desktop/Eclipse/project/target/surefire 2023-12-04T15-17-24_742-jvmRun1 surefire7045344113905750445tmp surefire_015889656157254209209tmp"/>
    <property name="http.nonProxyHosts" value="local|*.local|169.254/16|*.169.254/16"/>
    <property name="jdk.debug" value="release"/>
    <property name="surefire.test.class.path" value="/Users/aidan/Desktop/Eclipse/project/target/test-classes:/Users/aidan/Desktop/Eclipse/project/target/classes:/Users/aidan/.m2/repository/org/openjfx/javafx-controls/17/javafx-controls-17.jar:/Users/aidan/.m2/repository/org/openjfx/javafx-controls/17/javafx-controls-17-mac.jar:/Users/aidan/.m2/repository/org/openjfx/javafx-graphics/17/javafx-graphics-17.jar:/Users/aidan/.m2/repository/org/openjfx/javafx-graphics/17/javafx-graphics-17-mac.jar:/Users/aidan/.m2/repository/org/openjfx/javafx-base/17/javafx-base-17.jar:/Users/aidan/.m2/repository/org/openjfx/javafx-base/17/javafx-base-17-mac.jar:/Users/aidan/.m2/repository/org/openjfx/javafx-fxml/17/javafx-fxml-17.jar:/Users/aidan/.m2/repository/org/openjfx/javafx-fxml/17/javafx-fxml-17-mac.jar:/Users/aidan/.m2/repository/com/google/code/gson/gson/2.8.6/gson-2.8.6.jar:/Users/aidan/.m2/repository/org/junit/jupiter/junit-jupiter-engine/5.7.1/junit-jupiter-engine-5.7.1.jar:/Users/aidan/.m2/repository/org/apiguardian/apiguardian-api/1.1.0/apiguardian-api-1.1.0.jar:/Users/aidan/.m2/repository/org/junit/platform/junit-platform-engine/1.7.1/junit-platform-engine-1.7.1.jar:/Users/aidan/.m2/repository/org/opentest4j/opentest4j/1.2.0/opentest4j-1.2.0.jar:/Users/aidan/.m2/repository/org/junit/platform/junit-platform-commons/1.7.1/junit-platform-commons-1.7.1.jar:/Users/aidan/.m2/repository/org/junit/jupiter/junit-jupiter-api/5.7.1/junit-jupiter-api-5.7.1.jar:/Users/aidan/.m2/repository/org/junit/jupiter/junit-jupiter-params/5.7.1/junit-jupiter-params-5.7.1.jar:"/>
    <property name="sun.cpu.endian" value="little"/>
    <property name="user.home" value="/Users/aidan"/>
    <property name="user.language" value="en"/>
    <property name="java.specification.vendor" value="Oracle Corporation"/>
    <property name="java.version.date" value="2023-09-19"/>
    <property name="java.home" value="/usr/local/Cellar/openjdk/21/libexec/openjdk.jdk/Contents/Home"/>
    <property name="file.separator" value="/"/>
    <property name="basedir" value="/Users/aidan/Desktop/Eclipse/project"/>
    <property name="java.vm.compressedOopsMode" value="Zero based"/>
    <property name="line.separator" value="&#10;"/>
    <property name="java.vm.specification.vendor" value="Oracle Corporation"/>
    <property name="java.specification.name" value="Java Platform API Specification"/>
    <property name="apple.awt.application.name" value="ForkedBooter"/>
    <property name="surefire.real.class.path" value="/Users/aidan/Desktop/Eclipse/project/target/surefire/surefirebooter9508450400038662067.jar"/>
    <property name="sun.management.compiler" value="HotSpot 64-Bit Tiered Compilers"/>
    <property name="ftp.nonProxyHosts" value="local|*.local|169.254/16|*.169.254/16"/>
    <property name="java.runtime.version" value="21"/>
    <property name="user.name" value="aidan"/>
    <property name="stdout.encoding" value="UTF-8"/>
    <property name="path.separator" value=":"/>
    <property name="os.version" value="13.5.2"/>
    <property name="java.runtime.name" value="OpenJDK Runtime Environment"/>
    <property name="file.encoding" value="UTF-8"/>
    <property name="java.vm.name" value="OpenJDK 64-Bit Server VM"/>
    <property name="java.vendor.version" value="Homebrew"/>
    <property name="localRepository" value="/Users/aidan/.m2/repository"/>
    <property name="java.vendor.url.bug" value="https://github.com/Homebrew/homebrew-core/issues"/>
    <property name="java.io.tmpdir" value="/var/folders/sz/m5krszld0818t2c_hs3z8pmh0000gn/T/"/>
    <property name="java.version" value="21"/>
    <property name="user.dir" value="/Users/aidan/Desktop/Eclipse/project"/>
    <property name="os.arch" value="x86_64"/>
    <property name="java.vm.specification.name" value="Java Virtual Machine Specification"/>
    <property name="native.encoding" value="UTF-8"/>
    <property name="java.library.path" value="/Users/aidan/Library/Java/Extensions:/Library/Java/Extensions:/Network/Library/Java/Extensions:/System/Library/Java/Extensions:/usr/lib/java:."/>
    <property name="java.vm.info" value="mixed mode, sharing"/>
    <property name="stderr.encoding" value="UTF-8"/>
    <property name="java.vendor" value="Homebrew"/>
    <property name="java.vm.version" value="21"/>
    <property name="sun.io.unicode.encoding" value="UnicodeBig"/>
    <property name="socksNonProxyHosts" value="local|*.local|169.254/16|*.169.254/16"/>
    <property name="java.class.version" value="65.0"/>
  </properties>
  <testcase name="spaceInputTest" classname="com.programmingpals.project.StudentViewTest" time="0.019"/>
  <testcase name="validSymbolInputTest" classname="com.programmingpals.project.StudentViewTest" time="0.001"/>
  <testcase name="validNospaceInputTest" classname="com.programmingpals.project.StudentViewTest" time="0.001"/>
  <testcase name="nullInputTest" classname="com.programmingpals.project.StudentViewTest" time="0"/>
  <testcase name="blankInputTest" classname="com.programmingpals.project.StudentViewTest" time="0"/>
  <testcase name="longInputTest" classname="com.programmingpals.project.StudentViewTest" time="0"/>
  <testcase name="validSpacedInputTest" classname="com.programmingpals.project.StudentViewTest" time="0.001"/>
  <testcase name="validNumberInputTest" classname="com.programmingpals.project.StudentViewTest" time="0.001"/>
  <testcase name="validMixedInputTest" classname="com.programmingpals.project.StudentViewTest" time="0.001"/>
</testsuite>